<?xml version="1.0" encoding="UTF-8" ?>
<testsuite failures="1" time="0.001" errors="0" skipped="0" tests="10" name="com.vasconsulting.BobTest">
  <properties>
[...]
</properties>
  <testcase time="0" classname="com.vasconsulting.BobTest" name="testGetOutOfHere"/>
  <testcase time="0" classname="com.vasconsulting.BobTest" name="testAllCaps"/>
  <testcase time="0" classname="com.vasconsulting.BobTest" name="testSayNothing"/>
  <testcase time="0" classname="com.vasconsulting.BobTest" name="testQuestion"/>
  <testcase time="0" classname="com.vasconsulting.BobTest" name="testSayLongerNothing"/>
  <testcase time="0" classname="com.vasconsulting.BobTest" name="testIsBobMad"/>
  <testcase time="0" classname="com.vasconsulting.BobTest" name="testWhatsGoingOn"/>
  <testcase time="0" classname="com.vasconsulting.BobTest" name="testHowOldIsBob"/>
  <testcase time="0" classname="com.vasconsulting.BobTest" name="testShutUp"/>
  <testcase time="0.001" classname="com.vasconsulting.BobTest" name="testAnythingElse">
    <failure message="expected:&lt;[Whatever.]&gt; but was:&lt;[Sure]&gt;" type="junit.framework.ComparisonFailure">junit.framework.ComparisonFailure: expected:&lt;[Whatever.]&gt; but was:&lt;[Sure]&gt;
	at junit.framework.Assert.assertEquals(Assert.java:100)
	at junit.framework.Assert.assertEquals(Assert.java:107)
	at junit.framework.TestCase.assertEquals(TestCase.java:269)
	at com.vasconsulting.BobTest.testAnythingElse(BobTest.java:56)
	at sun.reflect.NativeMethodAccessorImpl.invoke0(Native Method)
	at sun.reflect.NativeMethodAccessorImpl.invoke(NativeMethodAccessorImpl.java:39)
	at sun.reflect.DelegatingMethodAccessorImpl.invoke(DelegatingMethodAccessorImpl.java:25)
	at java.lang.reflect.Method.invoke(Method.java:597)
	at junit.framework.TestCase.runTest(TestCase.java:176)
	at junit.framework.TestCase.runBare(TestCase.java:141)
	at junit.framework.TestResult$1.protect(TestResult.java:122)
	at junit.framework.TestResult.runProtected(TestResult.java:142)
	at junit.framework.TestResult.run(TestResult.java:125)
	at junit.framework.TestCase.run(TestCase.java:129)
	at junit.framework.TestSuite.runTest(TestSuite.java:255)
	at junit.framework.TestSuite.run(TestSuite.java:250)
	at org.junit.internal.runners.JUnit38ClassRunner.run(JUnit38ClassRunner.java:84)
	at org.apache.maven.surefire.junit4.JUnit4Provider.execute(JUnit4Provider.java:252)
	at org.apache.maven.surefire.junit4.JUnit4Provider.executeTestSet(JUnit4Provider.java:141)
	at org.apache.maven.surefire.junit4.JUnit4Provider.invoke(JUnit4Provider.java:112)
	at sun.reflect.NativeMethodAccessorImpl.invoke0(Native Method)
	at sun.reflect.NativeMethodAccessorImpl.invoke(NativeMethodAccessorImpl.java:39)
	at sun.reflect.DelegatingMethodAccessorImpl.invoke(DelegatingMethodAccessorImpl.java:25)
	at java.lang.reflect.Method.invoke(Method.java:597)
	at org.apache.maven.surefire.util.ReflectionUtils.invokeMethodWithArray(ReflectionUtils.java:189)
	at org.apache.maven.surefire.booter.ProviderFactory$ProviderProxy.invoke(ProviderFactory.java:165)
	at org.apache.maven.surefire.booter.ProviderFactory.invokeProvider(ProviderFactory.java:85)
	at org.apache.maven.surefire.booter.ForkedBooter.runSuitesInProcess(ForkedBooter.java:115)
	at org.apache.maven.surefire.booter.ForkedBooter.main(ForkedBooter.java:75)
</failure>
  </testcase>
</testsuite>